[2026-02-12 20:46:27,530] INFO django.utils.autoreload Watching for file changes with StatReloader
[2026-02-12 20:47:44,239] INFO django.utils.autoreload Watching for file changes with StatReloader
[2026-02-12 20:55:47,910] WARNING django.request Not Found: /
[2026-02-12 20:55:47,911] WARNING django.server "GET /?ide_webview_request_time=1770900947778 HTTP/1.1" 404 2203
[2026-02-12 20:55:47,974] WARNING django.request Not Found: /@vite/client
[2026-02-12 20:55:47,976] WARNING django.server "GET /@vite/client HTTP/1.1" 404 2218
[2026-02-12 20:57:25,515] WARNING django.request Not Found: /
[2026-02-12 20:57:25,516] WARNING django.server "GET / HTTP/1.1" 404 2164
[2026-02-12 20:57:25,905] WARNING django.request Not Found: /favicon.ico
[2026-02-12 20:57:25,907] WARNING django.server "GET /favicon.ico HTTP/1.1" 404 2215
[2026-02-12 20:57:32,048] INFO django.server "GET /admin HTTP/1.1" 301 0
[2026-02-12 20:57:32,084] INFO django.server "GET /admin/ HTTP/1.1" 302 0
[2026-02-12 20:57:32,329] INFO django.server "GET /admin/login/?next=/admin/ HTTP/1.1" 200 4195
[2026-02-12 20:57:33,484] INFO django.server "GET /static/admin/css/nav_sidebar.css HTTP/1.1" 200 2694
[2026-02-12 20:57:33,489] INFO django.server "GET /static/admin/css/dark_mode.css HTTP/1.1" 200 2929
[2026-02-12 20:57:33,490] INFO django.server "GET /static/admin/css/login.css HTTP/1.1" 200 958
[2026-02-12 20:57:33,497] INFO django.server "GET /static/admin/css/responsive.css HTTP/1.1" 200 18559
[2026-02-12 20:57:33,498] INFO django.server "GET /static/admin/js/theme.js HTTP/1.1" 200 1943
[2026-02-12 20:57:33,505] INFO django.server "GET /static/admin/css/base.css HTTP/1.1" 200 21310
[2026-02-12 20:57:33,512] INFO django.server "GET /static/admin/js/nav_sidebar.js HTTP/1.1" 200 3063
[2026-02-12 20:57:39,796] INFO django.server "POST /admin/login/?next=/admin/ HTTP/1.1" 200 4327
[2026-02-12 20:57:45,792] INFO django.server "POST /admin/login/?next=/admin/ HTTP/1.1" 200 4327
[2026-02-12 20:57:49,937] INFO django.server "POST /admin/login/?next=/admin/ HTTP/1.1" 302 0
[2026-02-12 20:57:49,981] INFO django.server "GET /admin/ HTTP/1.1" 200 6224
[2026-02-12 20:57:50,029] INFO django.server "GET /static/admin/css/dashboard.css HTTP/1.1" 200 441
[2026-02-12 20:57:50,029] INFO django.server "GET /static/admin/img/icon-addlink.svg HTTP/1.1" 200 331
[2026-02-12 20:57:50,031] INFO django.server "GET /static/admin/img/icon-changelink.svg HTTP/1.1" 200 380
[2026-02-12 20:57:52,852] INFO django.server "GET /admin/auth/user/ HTTP/1.1" 200 11009
[2026-02-12 20:57:52,923] INFO django.server "GET /static/admin/css/changelists.css HTTP/1.1" 200 6566
[2026-02-12 20:57:52,931] INFO django.server "GET /admin/jsi18n/ HTTP/1.1" 200 8560
[2026-02-12 20:57:52,933] INFO django.server "GET /static/admin/js/jquery.init.js HTTP/1.1" 200 347
[2026-02-12 20:57:52,947] INFO django.server "GET /static/admin/js/core.js HTTP/1.1" 200 5682
[2026-02-12 20:57:52,956] INFO django.server "GET /static/admin/js/admin/RelatedObjectLookups.js HTTP/1.1" 200 8943
[2026-02-12 20:57:52,960] INFO django.server "GET /static/admin/js/actions.js HTTP/1.1" 200 7872
[2026-02-12 20:57:52,962] INFO django.server "GET /static/admin/js/prepopulate.js HTTP/1.1" 200 1531
[2026-02-12 20:57:52,963] INFO django.server "GET /static/admin/js/urlify.js HTTP/1.1" 200 7887
[2026-02-12 20:57:52,976] INFO django.server "GET /static/admin/img/search.svg HTTP/1.1" 200 458
[2026-02-12 20:57:52,980] INFO django.server "GET /static/admin/img/icon-yes.svg HTTP/1.1" 200 436
[2026-02-12 20:57:53,003] INFO django.server "GET /static/admin/js/vendor/jquery/jquery.js HTTP/1.1" 200 292458
[2026-02-12 20:57:53,036] INFO django.server "GET /static/admin/js/filters.js HTTP/1.1" 200 978
[2026-02-12 20:57:53,038] INFO django.server "GET /static/admin/js/vendor/xregexp/xregexp.js HTTP/1.1" 200 232381
[2026-02-12 20:57:53,067] INFO django.server "GET /static/admin/img/tooltag-add.svg HTTP/1.1" 200 331
[2026-02-12 20:57:53,068] INFO django.server "GET /static/admin/img/sorting-icons.svg HTTP/1.1" 200 1097
[2026-02-12 20:57:54,513] INFO django.server "GET /admin/auth/user/1/change/ HTTP/1.1" 200 21661
[2026-02-12 20:57:54,563] INFO django.server "GET /admin/jsi18n/ HTTP/1.1" 200 8560
[2026-02-12 20:57:54,568] INFO django.server "GET /static/admin/css/forms.css HTTP/1.1" 200 9090
[2026-02-12 20:57:54,584] INFO django.server "GET /static/admin/js/calendar.js HTTP/1.1" 200 8466
[2026-02-12 20:57:54,584] INFO django.server "GET /static/admin/js/SelectFilter2.js HTTP/1.1" 200 15292
[2026-02-12 20:57:54,584] INFO django.server "GET /static/admin/js/admin/DateTimeShortcuts.js HTTP/1.1" 200 19319
[2026-02-12 20:57:54,587] INFO django.server "GET /static/admin/js/SelectBox.js HTTP/1.1" 200 4530
[2026-02-12 20:57:54,590] INFO django.server "GET /static/admin/js/prepopulate_init.js HTTP/1.1" 200 586
[2026-02-12 20:57:54,593] INFO django.server "GET /static/admin/css/widgets.css HTTP/1.1" 200 11921
[2026-02-12 20:57:54,616] INFO django.server "GET /static/admin/js/change_form.js HTTP/1.1" 200 606
[2026-02-12 20:57:54,762] INFO django.server "GET /static/admin/img/selector-icons.svg HTTP/1.1" 200 3291
[2026-02-12 20:57:54,762] INFO django.server "GET /static/admin/img/icon-unknown.svg HTTP/1.1" 200 655
[2026-02-12 20:57:54,763] INFO django.server "GET /static/admin/img/icon-unknown-alt.svg HTTP/1.1" 200 655
[2026-02-12 20:57:54,763] INFO django.server "GET /static/admin/img/icon-calendar.svg HTTP/1.1" 200 1086
[2026-02-12 20:57:54,763] INFO django.server "GET /static/admin/img/icon-clock.svg HTTP/1.1" 200 677
[2026-02-12 20:58:28,905] INFO django.server "GET /admin/auth/group/ HTTP/1.1" 200 7763
[2026-02-12 20:58:28,964] INFO django.server "GET /admin/jsi18n/ HTTP/1.1" 200 8560
[2026-02-12 20:58:29,762] INFO django.server "GET /admin/auth/user/ HTTP/1.1" 200 11009
[2026-02-12 20:58:29,806] INFO django.server "GET /admin/jsi18n/ HTTP/1.1" 200 8560
[2026-02-12 20:58:39,099] INFO django.server "OPTIONS /api/login/ HTTP/1.1" 200 0
[2026-02-12 20:58:39,386] WARNING django.request Unauthorized: /api/login/
[2026-02-12 20:58:39,386] WARNING django.server "POST /api/login/ HTTP/1.1" 401 36
[2026-02-12 20:58:44,184] INFO api 用户登录: admin
[2026-02-12 20:58:44,185] INFO django.server "POST /api/login/ HTTP/1.1" 200 99
[2026-02-12 20:58:44,191] INFO django.server "OPTIONS /api/me/ HTTP/1.1" 200 0
[2026-02-12 20:58:44,200] INFO django.server "GET /api/me/ HTTP/1.1" 200 120
[2026-02-12 20:58:45,979] INFO django.server "OPTIONS /api/logs/ HTTP/1.1" 200 0
[2026-02-12 20:58:45,981] INFO django.server "OPTIONS /api/enroll-logs/ HTTP/1.1" 200 0
[2026-02-12 20:58:45,982] INFO django.server "OPTIONS /api/users/ HTTP/1.1" 200 0
[2026-02-12 20:58:45,984] INFO django.server "OPTIONS /api/stats/ HTTP/1.1" 200 0
[2026-02-12 20:58:45,999] INFO django.server "GET /api/logs/ HTTP/1.1" 200 52
[2026-02-12 20:58:46,009] INFO django.server "GET /api/users/ HTTP/1.1" 200 178
[2026-02-12 20:58:46,009] INFO django.server "GET /api/enroll-logs/ HTTP/1.1" 200 52
[2026-02-12 20:58:46,012] INFO django.server "GET /api/stats/ HTTP/1.1" 200 91
[2026-02-12 20:58:46,035] WARNING django.request Unauthorized: /api/roc/
[2026-02-12 20:58:46,036] WARNING django.server "GET /api/roc/ HTTP/1.1" 401 43
[2026-02-12 20:58:47,977] INFO django.server "GET /api/me/ HTTP/1.1" 200 120
[2026-02-12 20:58:47,984] INFO django.server "OPTIONS /api/my-logs/ HTTP/1.1" 200 0
[2026-02-12 20:58:47,991] INFO django.server "GET /api/my-logs/ HTTP/1.1" 200 52
[2026-02-12 20:58:49,347] INFO django.server "GET /api/logs/ HTTP/1.1" 200 52
[2026-02-12 20:58:49,347] INFO django.server "GET /api/enroll-logs/ HTTP/1.1" 200 52
[2026-02-12 20:58:49,353] INFO django.server "GET /api/stats/ HTTP/1.1" 200 91
[2026-02-12 20:58:49,353] INFO django.server "GET /api/users/ HTTP/1.1" 200 178
[2026-02-12 20:58:49,374] WARNING django.request Unauthorized: /api/roc/
[2026-02-12 20:58:49,374] WARNING django.server "GET /api/roc/ HTTP/1.1" 401 43
[2026-02-12 20:58:50,781] INFO django.server "GET /api/me/ HTTP/1.1" 200 120
[2026-02-12 20:58:50,790] INFO django.server "GET /api/my-logs/ HTTP/1.1" 200 52
[2026-02-12 21:00:20,801] INFO django.server "GET /admin/auth/user/ HTTP/1.1" 200 11009
[2026-02-12 21:00:22,186] INFO django.server "GET /admin/auth/user/ HTTP/1.1" 200 11009
[2026-02-12 21:00:22,225] INFO django.server "GET /admin/jsi18n/ HTTP/1.1" 200 8560
[2026-02-12 21:02:50,652] INFO django.server "GET /admin/auth/user/ HTTP/1.1" 302 0
[2026-02-12 21:02:50,672] INFO django.server "GET /admin/login/?next=/admin/auth/user/ HTTP/1.1" 200 4215
[2026-02-12 21:02:55,221] INFO django.server "POST /admin/login/?next=/admin/auth/user/ HTTP/1.1" 200 4347
[2026-02-12 21:03:00,627] INFO django.server "POST /admin/login/?next=/admin/auth/user/ HTTP/1.1" 200 4347
[2026-02-12 21:03:16,621] INFO django.server "POST /admin/login/?next=/admin/auth/user/ HTTP/1.1" 200 4347
[2026-02-12 21:03:37,133] INFO api 用户登录: demo
[2026-02-12 21:03:37,134] INFO django.server "POST /api/login/ HTTP/1.1" 200 99
[2026-02-12 21:03:37,150] INFO django.server "GET /api/me/ HTTP/1.1" 200 119
[2026-02-12 21:03:44,810] INFO django.server "GET /api/me/ HTTP/1.1" 200 119
[2026-02-12 21:03:44,825] INFO django.server "GET /api/my-logs/ HTTP/1.1" 200 1169
[2026-02-12 21:04:01,008] INFO api 用户登录: admin
[2026-02-12 21:04:01,009] INFO django.server "POST /api/login/ HTTP/1.1" 200 99
[2026-02-12 21:04:01,018] INFO django.server "GET /api/me/ HTTP/1.1" 200 120
[2026-02-12 21:04:03,378] INFO django.server "GET /api/me/ HTTP/1.1" 200 120
[2026-02-12 21:04:03,386] INFO django.server "GET /api/my-logs/ HTTP/1.1" 200 52
[2026-02-12 21:04:05,965] INFO django.server "GET /api/enroll-logs/ HTTP/1.1" 200 193
[2026-02-12 21:04:05,976] INFO django.server "GET /api/logs/ HTTP/1.1" 200 1169
[2026-02-12 21:04:05,979] INFO django.server "GET /api/users/ HTTP/1.1" 200 304
[2026-02-12 21:04:05,988] INFO django.server "GET /api/stats/ HTTP/1.1" 200 141
[2026-02-12 21:04:06,011] WARNING django.request Unauthorized: /api/roc/
[2026-02-12 21:04:06,012] WARNING django.server "GET /api/roc/ HTTP/1.1" 401 43
[2026-02-12 21:04:14,589] INFO django.server "GET /api/me/ HTTP/1.1" 200 120
[2026-02-12 21:04:14,601] INFO django.server "GET /api/my-logs/ HTTP/1.1" 200 52
[2026-02-12 21:04:16,614] INFO django.server "GET /api/me/ HTTP/1.1" 200 120
[2026-02-12 21:04:16,623] INFO django.server "GET /api/my-logs/ HTTP/1.1" 200 52
[2026-02-12 21:04:19,922] INFO django.server "GET /api/me/ HTTP/1.1" 200 120
[2026-02-12 21:04:19,931] INFO django.server "GET /api/my-logs/ HTTP/1.1" 200 52
[2026-02-12 21:04:21,303] INFO django.server "GET /api/enroll-logs/ HTTP/1.1" 200 193
[2026-02-12 21:04:21,303] INFO django.server "GET /api/logs/ HTTP/1.1" 200 1169
[2026-02-12 21:04:21,309] INFO django.server "GET /api/users/ HTTP/1.1" 200 304
[2026-02-12 21:04:21,312] INFO django.server "GET /api/stats/ HTTP/1.1" 200 141
[2026-02-12 21:04:21,333] WARNING django.request Unauthorized: /api/roc/
[2026-02-12 21:04:21,335] WARNING django.server "GET /api/roc/ HTTP/1.1" 401 43
[2026-02-12 21:04:39,856] INFO django.server "POST /admin/login/?next=/admin/auth/user/ HTTP/1.1" 200 4347
[2026-02-12 21:04:42,773] INFO django.server "GET /admin/ HTTP/1.1" 302 0
[2026-02-12 21:04:42,790] INFO django.server "GET /admin/login/?next=/admin/ HTTP/1.1" 200 4195
[2026-02-12 21:04:58,834] INFO django.server "POST /admin/login/?next=/admin/ HTTP/1.1" 200 4327
[2026-02-12 21:05:04,453] INFO django.server "POST /admin/login/?next=/admin/ HTTP/1.1" 302 0
[2026-02-12 21:05:04,470] INFO django.server "GET /admin/ HTTP/1.1" 200 6224
[2026-02-12 21:05:06,193] INFO django.server "GET /admin/auth/user/ HTTP/1.1" 200 11391
[2026-02-12 21:05:06,245] INFO django.server "GET /admin/jsi18n/ HTTP/1.1" 200 8560
[2026-02-12 21:05:06,259] INFO django.server "GET /static/admin/img/icon-no.svg HTTP/1.1" 200 560
[2026-02-12 21:05:07,926] INFO django.server "GET /admin/auth/user/2/change/ HTTP/1.1" 200 21608
[2026-02-12 21:05:07,980] INFO django.server "GET /admin/jsi18n/ HTTP/1.1" 200 8560
[2026-02-12 21:05:18,633] INFO django.server "GET /admin/authtoken/tokenproxy/ HTTP/1.1" 200 9090
[2026-02-12 21:05:23,783] INFO django.server "GET /api/me/ HTTP/1.1" 200 120
[2026-02-12 21:05:23,795] INFO django.server "GET /api/my-logs/ HTTP/1.1" 200 52
[2026-02-12 21:05:28,561] INFO django.server "GET /api/enroll-logs/ HTTP/1.1" 200 193
[2026-02-12 21:05:28,570] INFO django.server "GET /api/logs/ HTTP/1.1" 200 1169
[2026-02-12 21:05:28,574] INFO django.server "GET /api/users/ HTTP/1.1" 200 304
[2026-02-12 21:05:28,575] INFO django.server "GET /api/stats/ HTTP/1.1" 200 141
[2026-02-12 21:05:28,595] WARNING django.request Unauthorized: /api/roc/
[2026-02-12 21:05:28,596] WARNING django.server "GET /api/roc/ HTTP/1.1" 401 43
[2026-02-12 21:06:07,287] INFO django.server "GET /api/me/ HTTP/1.1" 200 120
[2026-02-12 21:06:07,399] INFO django.server "GET /api/my-logs/ HTTP/1.1" 200 52
[2026-02-12 21:10:08,474] INFO django.server "GET /api/me/ HTTP/1.1" 200 120
[2026-02-12 21:12:06,537] INFO django.server "GET /api/me/ HTTP/1.1" 200 120
[2026-02-12 21:12:07,515] INFO django.server "GET /api/logs/ HTTP/1.1" 200 1169
[2026-02-12 21:12:07,516] INFO django.server "GET /api/enroll-logs/ HTTP/1.1" 200 193
[2026-02-12 21:12:07,521] INFO django.server "GET /api/users/ HTTP/1.1" 200 304
[2026-02-12 21:12:07,523] INFO django.server "GET /api/stats/ HTTP/1.1" 200 141
[2026-02-12 21:12:07,530] INFO django.server "OPTIONS /api/roc/ HTTP/1.1" 200 0
[2026-02-12 21:12:07,549] INFO django.server "GET /api/roc/ HTTP/1.1" 200 17942
[2026-02-12 21:15:27,809] INFO django.server "GET /api/me/ HTTP/1.1" 200 120
[2026-02-12 21:15:27,821] INFO django.server "GET /api/my-logs/ HTTP/1.1" 200 52
[2026-02-12 21:15:29,641] INFO django.server "GET /api/enroll-logs/ HTTP/1.1" 200 193
[2026-02-12 21:15:29,648] INFO django.server "GET /api/logs/ HTTP/1.1" 200 1169
[2026-02-12 21:15:29,648] INFO django.server "GET /api/users/ HTTP/1.1" 200 304
[2026-02-12 21:15:29,653] INFO django.server "GET /api/stats/ HTTP/1.1" 200 141
[2026-02-12 21:15:29,664] INFO django.server "GET /api/roc/ HTTP/1.1" 200 17942
[2026-02-12 21:20:04,055] INFO django.server "GET /api/users/ HTTP/1.1" 200 304
[2026-02-12 21:20:04,057] INFO django.server "GET /api/enroll-logs/ HTTP/1.1" 200 193
[2026-02-12 21:20:04,071] INFO django.server "GET /api/stats/ HTTP/1.1" 200 141
[2026-02-12 21:20:04,071] INFO django.server "GET /api/logs/ HTTP/1.1" 200 1169
[2026-02-12 21:20:04,088] INFO django.server "GET /api/roc/ HTTP/1.1" 200 17942
[2026-02-12 21:22:45,117] INFO django.server "GET /api/me/ HTTP/1.1" 200 120
[2026-02-12 21:22:45,176] INFO django.server "GET /api/enroll-logs/ HTTP/1.1" 200 193
[2026-02-12 21:22:45,183] INFO django.server "GET /api/users/ HTTP/1.1" 200 304
[2026-02-12 21:22:45,183] INFO django.server "GET /api/logs/ HTTP/1.1" 200 1169
[2026-02-12 21:22:45,186] INFO django.server "GET /api/stats/ HTTP/1.1" 200 141
[2026-02-12 21:22:45,382] INFO django.server "GET /api/roc/ HTTP/1.1" 200 47383
[2026-02-12 21:23:06,927] INFO django.server "GET /api/me/ HTTP/1.1" 200 120
[2026-02-12 21:23:06,938] INFO django.server "GET /api/my-logs/ HTTP/1.1" 200 52
[2026-02-12 21:23:07,591] INFO django.server "GET /api/enroll-logs/ HTTP/1.1" 200 193
[2026-02-12 21:23:07,600] INFO django.server "GET /api/stats/ HTTP/1.1" 200 141
[2026-02-12 21:23:07,606] INFO django.server "GET /api/users/ HTTP/1.1" 200 304
[2026-02-12 21:23:07,608] INFO django.server "GET /api/logs/ HTTP/1.1" 200 1169
[2026-02-12 21:23:07,625] INFO django.server "GET /api/roc/ HTTP/1.1" 200 47383
[2026-02-12 21:23:09,106] INFO django.server "GET /api/enroll-logs/ HTTP/1.1" 200 193
[2026-02-12 21:23:09,117] INFO django.server "GET /api/users/ HTTP/1.1" 200 304
[2026-02-12 21:23:09,119] INFO django.server "GET /api/logs/ HTTP/1.1" 200 1169
[2026-02-12 21:23:09,119] INFO django.server "GET /api/stats/ HTTP/1.1" 200 141
[2026-02-12 21:23:09,131] INFO django.server "GET /api/roc/ HTTP/1.1" 200 47383
[2026-02-12 21:23:10,047] INFO django.server "GET /api/me/ HTTP/1.1" 200 120
[2026-02-12 21:23:10,071] INFO django.server "GET /api/enroll-logs/ HTTP/1.1" 200 193
[2026-02-12 21:23:10,082] INFO django.server "GET /api/users/ HTTP/1.1" 200 304
[2026-02-12 21:23:10,084] INFO django.server "GET /api/stats/ HTTP/1.1" 200 141
[2026-02-12 21:23:10,087] INFO django.server "GET /api/logs/ HTTP/1.1" 200 1169
[2026-02-12 21:23:10,149] INFO django.server "GET /api/roc/ HTTP/1.1" 200 47383
[2026-02-12 21:23:10,841] INFO django.server "GET /api/me/ HTTP/1.1" 200 120
[2026-02-12 21:23:10,875] INFO django.server "GET /api/enroll-logs/ HTTP/1.1" 200 193
[2026-02-12 21:23:10,882] INFO django.server "GET /api/users/ HTTP/1.1" 200 304
[2026-02-12 21:23:10,885] INFO django.server "GET /api/stats/ HTTP/1.1" 200 141
[2026-02-12 21:23:10,887] INFO django.server "GET /api/logs/ HTTP/1.1" 200 1169
[2026-02-12 21:23:10,959] INFO django.server "GET /api/roc/ HTTP/1.1" 200 47383
[2026-02-12 21:23:40,616] INFO django.server "GET /api/me/ HTTP/1.1" 200 120
[2026-02-12 21:23:40,654] INFO django.server "GET /api/enroll-logs/ HTTP/1.1" 200 193
[2026-02-12 21:23:40,668] INFO django.server "GET /api/users/ HTTP/1.1" 200 304
[2026-02-12 21:23:40,670] INFO django.server "GET /api/stats/ HTTP/1.1" 200 141
[2026-02-12 21:23:40,671] INFO django.server "GET /api/logs/ HTTP/1.1" 200 1169
[2026-02-12 21:23:40,753] INFO django.server "GET /api/roc/ HTTP/1.1" 200 47383
[2026-02-12 21:23:48,274] WARNING django.request Unauthorized: /api/login/
[2026-02-12 21:23:48,275] WARNING django.server "POST /api/login/ HTTP/1.1" 401 36
[2026-02-12 21:24:01,085] INFO django.server "GET /admin/auth/user/ HTTP/1.1" 200 11391
[2026-02-12 21:24:01,146] INFO django.server "GET /admin/jsi18n/ HTTP/1.1" 200 8560
[2026-02-12 21:24:05,678] INFO api 用户登录: demo
[2026-02-12 21:24:05,679] INFO django.server "POST /api/login/ HTTP/1.1" 200 99
[2026-02-12 21:24:05,693] INFO django.server "GET /api/me/ HTTP/1.1" 200 119
[2026-02-12 21:24:22,762] INFO django.server "GET /api/me/ HTTP/1.1" 200 119
[2026-02-12 21:24:22,780] INFO django.server "GET /api/my-logs/ HTTP/1.1" 200 1169
[2026-02-12 21:25:37,521] INFO django.server "GET /api/me/ HTTP/1.1" 200 119
[2026-02-12 21:25:37,537] INFO django.server "GET /api/my-logs/ HTTP/1.1" 200 1169
[2026-02-12 21:25:57,908] INFO api 用户登录: admin
[2026-02-12 21:25:57,908] INFO django.server "POST /api/login/ HTTP/1.1" 200 99
[2026-02-12 21:25:57,920] INFO django.server "GET /api/me/ HTTP/1.1" 200 120
[2026-02-12 21:26:01,082] INFO django.server "GET /api/me/ HTTP/1.1" 200 120
[2026-02-12 21:26:01,092] INFO django.server "GET /api/my-logs/ HTTP/1.1" 200 52
[2026-02-12 21:26:02,768] INFO django.server "GET /api/enroll-logs/ HTTP/1.1" 200 193
[2026-02-12 21:26:02,775] INFO django.server "GET /api/logs/ HTTP/1.1" 200 1169
[2026-02-12 21:26:02,780] INFO django.server "GET /api/users/ HTTP/1.1" 200 304
[2026-02-12 21:26:02,780] INFO django.server "GET /api/stats/ HTTP/1.1" 200 141
[2026-02-12 21:26:02,790] INFO django.server "GET /api/roc/ HTTP/1.1" 200 47383
[2026-02-12 21:27:49,482] INFO django.server "GET /api/me/ HTTP/1.1" 200 120
[2026-02-12 21:27:49,522] INFO django.server "GET /api/enroll-logs/ HTTP/1.1" 200 193
[2026-02-12 21:27:49,530] INFO django.server "GET /api/users/ HTTP/1.1" 200 304
[2026-02-12 21:27:49,538] INFO django.server "GET /api/stats/ HTTP/1.1" 200 141
[2026-02-12 21:27:49,538] INFO django.server "GET /api/logs/ HTTP/1.1" 200 1169
[2026-02-12 21:27:49,732] INFO django.server "GET /api/roc/ HTTP/1.1" 200 47383
[2026-02-12 21:29:21,300] INFO api 用户登录: demo
[2026-02-12 21:29:21,300] INFO django.server "POST /api/login/ HTTP/1.1" 200 99
[2026-02-12 21:29:21,311] INFO django.server "GET /api/me/ HTTP/1.1" 200 119
[2026-02-12 21:44:12,162] WARNING django.request Unauthorized: /api/me/
[2026-02-12 21:44:12,164] WARNING django.server "GET /api/me/ HTTP/1.1" 401 34
[2026-02-12 21:44:30,382] INFO django.server "GET /admin/auth/user/ HTTP/1.1" 200 11394
[2026-02-12 21:44:30,449] INFO django.server "GET /admin/jsi18n/ HTTP/1.1" 200 8560
[2026-02-12 21:44:32,844] INFO django.server "GET /admin/auth/user/1/change/ HTTP/1.1" 200 21661
[2026-02-12 21:44:32,892] INFO django.server "GET /admin/jsi18n/ HTTP/1.1" 200 8560
[2026-02-12 21:44:34,800] INFO django.server "GET /admin/auth/user/ HTTP/1.1" 200 11394
[2026-02-12 21:44:34,844] INFO django.server "GET /admin/jsi18n/ HTTP/1.1" 200 8560
[2026-02-12 21:44:35,843] INFO django.server "GET /admin/auth/user/3/change/ HTTP/1.1" 200 21417
[2026-02-12 21:44:35,883] INFO django.server "GET /admin/jsi18n/ HTTP/1.1" 200 8560
[2026-02-12 21:44:48,631] INFO api 用户登录: admin
[2026-02-12 21:44:48,632] INFO django.server "POST /api/login/ HTTP/1.1" 200 99
[2026-02-12 21:44:48,644] INFO django.server "GET /api/me/ HTTP/1.1" 200 120
[2026-02-12 21:44:49,820] INFO django.server "GET /api/enroll-logs/ HTTP/1.1" 200 196
[2026-02-12 21:44:49,822] INFO django.server "GET /api/logs/ HTTP/1.1" 200 356
[2026-02-12 21:44:49,831] INFO django.server "GET /api/stats/ HTTP/1.1" 200 141
[2026-02-12 21:44:49,832] INFO django.server "GET /api/users/ HTTP/1.1" 200 307
[2026-02-12 21:44:49,842] INFO django.server "GET /api/roc/ HTTP/1.1" 200 47383
[2026-02-12 21:46:04,397] INFO django.server "GET /api/me/ HTTP/1.1" 200 120
[2026-02-12 21:46:04,408] INFO django.server "GET /api/my-logs/ HTTP/1.1" 200 52
[2026-02-12 21:46:08,278] INFO django.server "GET /api/me/ HTTP/1.1" 200 120
[2026-02-12 21:46:08,288] INFO django.server "GET /api/my-logs/ HTTP/1.1" 200 52
[2026-02-12 21:46:08,749] INFO django.server "GET /api/enroll-logs/ HTTP/1.1" 200 196
[2026-02-12 21:46:08,751] INFO django.server "GET /api/logs/ HTTP/1.1" 200 356
[2026-02-12 21:46:08,760] INFO django.server "GET /api/users/ HTTP/1.1" 200 307
[2026-02-12 21:46:08,761] INFO django.server "GET /api/stats/ HTTP/1.1" 200 141
[2026-02-12 21:46:08,772] INFO django.server "GET /api/roc/ HTTP/1.1" 200 47383
[2026-02-12 21:46:42,692] INFO django.server "OPTIONS /api/enroll/ HTTP/1.1" 200 0
[2026-02-12 21:46:43,122] INFO api 声纹注册成功: admin, 3 条音频
[2026-02-12 21:46:43,123] INFO django.server "POST /api/enroll/ HTTP/1.1" 200 50
[2026-02-12 21:46:51,214] INFO django.server "OPTIONS /api/verify/ HTTP/1.1" 200 0
[2026-02-12 21:46:51,313] INFO api 声纹验证: admin score=0.9797 => ACCEPT
[2026-02-12 21:46:51,315] INFO django.server "POST /api/verify/ HTTP/1.1" 200 88
[2026-02-12 21:46:56,574] INFO django.server "GET /api/enroll-logs/ HTTP/1.1" 200 339
[2026-02-12 21:46:56,576] INFO django.server "GET /api/logs/ HTTP/1.1" 200 645
[2026-02-12 21:46:56,577] INFO django.server "GET /api/users/ HTTP/1.1" 200 306
[2026-02-12 21:46:56,578] INFO django.server "GET /api/stats/ HTTP/1.1" 200 141
[2026-02-12 21:46:56,590] INFO django.server "GET /api/roc/ HTTP/1.1" 200 47383
[2026-02-12 21:47:11,790] INFO django.server "GET /api/enroll-logs/ HTTP/1.1" 200 339
[2026-02-12 21:47:11,792] INFO django.server "GET /api/logs/ HTTP/1.1" 200 645
[2026-02-12 21:47:11,802] INFO django.server "GET /api/users/ HTTP/1.1" 200 306
[2026-02-12 21:47:11,803] INFO django.server "GET /api/stats/ HTTP/1.1" 200 141
[2026-02-12 21:47:11,815] INFO django.server "GET /api/roc/ HTTP/1.1" 200 47383
[2026-02-12 21:48:27,835] INFO django.server "GET /api/me/ HTTP/1.1" 200 119
[2026-02-12 21:48:27,847] INFO django.server "GET /api/my-logs/ HTTP/1.1" 200 340
[2026-02-12 21:48:45,123] INFO django.server "GET /api/logs/ HTTP/1.1" 200 645
[2026-02-12 21:48:45,132] INFO django.server "GET /api/enroll-logs/ HTTP/1.1" 200 339
[2026-02-12 21:48:45,137] INFO django.server "GET /api/users/ HTTP/1.1" 200 306
[2026-02-12 21:48:45,139] INFO django.server "GET /api/stats/ HTTP/1.1" 200 141
[2026-02-12 21:48:45,147] INFO django.server "GET /api/roc/ HTTP/1.1" 200 47383
[2026-02-12 22:01:25,497] INFO django.server "OPTIONS /api/logs/ HTTP/1.1" 200 0
[2026-02-12 22:01:25,508] INFO django.server "OPTIONS /api/enroll-logs/ HTTP/1.1" 200 0
[2026-02-12 22:01:25,520] INFO django.server "GET /api/users/ HTTP/1.1" 200 306
[2026-02-12 22:01:25,530] INFO django.server "GET /api/stats/ HTTP/1.1" 200 141
[2026-02-12 22:01:25,534] INFO django.server "GET /api/logs/ HTTP/1.1" 200 950
[2026-02-12 22:01:25,535] INFO django.server "GET /api/enroll-logs/ HTTP/1.1" 200 484
[2026-02-12 22:01:25,552] INFO django.server "GET /api/roc/ HTTP/1.1" 200 47383
[2026-02-12 22:01:26,855] INFO django.server "GET /api/me/ HTTP/1.1" 200 119
[2026-02-12 22:01:26,907] INFO django.server "GET /api/users/ HTTP/1.1" 200 306
[2026-02-12 22:01:26,908] INFO django.server "GET /api/enroll-logs/ HTTP/1.1" 200 484
[2026-02-12 22:01:26,914] INFO django.server "GET /api/logs/ HTTP/1.1" 200 950
[2026-02-12 22:01:26,915] INFO django.server "GET /api/stats/ HTTP/1.1" 200 141
[2026-02-12 22:01:27,096] INFO django.server "GET /api/roc/ HTTP/1.1" 200 47383
[2026-02-12 22:01:46,223] INFO django.server "GET /api/me/ HTTP/1.1" 200 119
[2026-02-12 22:01:46,236] INFO django.server "GET /api/my-logs/ HTTP/1.1" 200 340
[2026-02-12 22:01:51,247] INFO django.server "GET /api/me/ HTTP/1.1" 200 119
[2026-02-12 22:02:09,394] WARNING django.request Bad Request: /api/verify/
[2026-02-12 22:02:09,395] WARNING django.server "POST /api/verify/ HTTP/1.1" 400 83
[2026-02-12 22:02:34,581] WARNING django.request Bad Request: /api/verify/
[2026-02-12 22:02:34,582] WARNING django.server "POST /api/verify/ HTTP/1.1" 400 83
[2026-02-12 22:02:37,961] WARNING django.request Bad Request: /api/verify/
[2026-02-12 22:02:37,962] WARNING django.server "POST /api/verify/ HTTP/1.1" 400 83
[2026-02-12 22:02:46,731] INFO django.server "GET /api/enroll-logs/ HTTP/1.1" 200 484
[2026-02-12 22:02:46,742] INFO django.server "GET /api/users/ HTTP/1.1" 200 306
[2026-02-12 22:02:46,742] INFO django.server "GET /api/logs/ HTTP/1.1" 200 950
[2026-02-12 22:02:46,744] INFO django.server "GET /api/stats/ HTTP/1.1" 200 141
[2026-02-12 22:02:46,754] INFO django.server "GET /api/roc/ HTTP/1.1" 200 47383
[2026-02-12 22:09:53,043] INFO django.server "OPTIONS /api/logs/?result=&user= HTTP/1.1" 200 0
[2026-02-12 22:09:53,058] INFO django.server "GET /api/enroll-logs/ HTTP/1.1" 200 484
[2026-02-12 22:09:53,065] INFO django.server "GET /api/users/ HTTP/1.1" 200 306
[2026-02-12 22:09:53,072] INFO django.server "GET /api/stats/ HTTP/1.1" 200 141
[2026-02-12 22:09:53,072] INFO django.server "GET /api/logs/?result=&user= HTTP/1.1" 200 950
[2026-02-12 22:09:53,082] INFO django.server "GET /api/roc/ HTTP/1.1" 200 47383
[2026-02-12 22:12:51,765] INFO django.server "GET /api/me/ HTTP/1.1" 200 119
[2026-02-12 22:12:51,820] INFO django.server "GET /api/enroll-logs/ HTTP/1.1" 200 629
[2026-02-12 22:12:51,825] INFO django.server "GET /api/logs/?result=&user= HTTP/1.1" 200 1255
[2026-02-12 22:12:51,829] INFO django.server "GET /api/users/ HTTP/1.1" 200 306
[2026-02-12 22:12:51,833] INFO django.server "GET /api/stats/ HTTP/1.1" 200 141
[2026-02-12 22:12:52,049] INFO django.server "GET /api/roc/ HTTP/1.1" 200 47383
[2026-02-12 22:13:00,308] INFO django.server "OPTIONS /api/logs/?result=REJECT&user= HTTP/1.1" 200 0
[2026-02-12 22:13:00,327] INFO django.server "GET /api/enroll-logs/ HTTP/1.1" 200 629
[2026-02-12 22:13:00,331] INFO django.server "GET /api/users/ HTTP/1.1" 200 306
[2026-02-12 22:13:00,332] INFO django.server "GET /api/logs/?result=REJECT&user= HTTP/1.1" 200 52
[2026-02-12 22:13:00,332] INFO django.server "GET /api/stats/ HTTP/1.1" 200 141
[2026-02-12 22:13:00,344] INFO django.server "GET /api/roc/ HTTP/1.1" 200 47383
[2026-02-12 22:13:03,349] INFO django.server "OPTIONS /api/logs/?result=ACCEPT&user= HTTP/1.1" 200 0
[2026-02-12 22:13:03,363] INFO django.server "GET /api/enroll-logs/ HTTP/1.1" 200 629
[2026-02-12 22:13:03,369] INFO django.server "GET /api/users/ HTTP/1.1" 200 306
[2026-02-12 22:13:03,372] INFO django.server "GET /api/stats/ HTTP/1.1" 200 141
[2026-02-12 22:13:03,376] INFO django.server "GET /api/logs/?result=ACCEPT&user= HTTP/1.1" 200 1255
[2026-02-12 22:13:03,386] INFO django.server "GET /api/roc/ HTTP/1.1" 200 47383
[2026-02-12 22:13:10,249] INFO django.server "GET /api/me/ HTTP/1.1" 200 119
[2026-02-12 22:13:10,264] INFO django.server "GET /api/my-logs/ HTTP/1.1" 200 340
[2026-02-12 22:13:15,467] INFO django.server "GET /admin/auth/user/3/change/ HTTP/1.1" 200 21417
[2026-02-12 22:13:15,536] INFO django.server "GET /admin/jsi18n/ HTTP/1.1" 200 8560
[2026-02-12 22:13:17,631] INFO django.server "GET /admin/auth/user/ HTTP/1.1" 200 11394
[2026-02-12 22:13:17,678] INFO django.server "GET /admin/jsi18n/ HTTP/1.1" 200 8560
[2026-02-12 22:13:19,592] INFO django.server "GET /admin/auth/user/ HTTP/1.1" 200 11394
[2026-02-12 22:13:19,633] INFO django.server "GET /admin/jsi18n/ HTTP/1.1" 200 8560
[2026-02-12 22:13:22,309] INFO django.server "GET /api/enroll-logs/ HTTP/1.1" 200 629
[2026-02-12 22:13:22,314] INFO django.server "GET /api/users/ HTTP/1.1" 200 306
[2026-02-12 22:13:22,316] INFO django.server "GET /api/stats/ HTTP/1.1" 200 141
[2026-02-12 22:13:22,320] INFO django.server "GET /api/logs/?result=&user= HTTP/1.1" 200 1255
[2026-02-12 22:13:22,330] INFO django.server "GET /api/roc/ HTTP/1.1" 200 47383
[2026-02-12 22:14:02,180] INFO django.server "GET /admin/auth/group/ HTTP/1.1" 200 7763
[2026-02-12 22:14:02,227] INFO django.server "GET /admin/jsi18n/ HTTP/1.1" 200 8560
[2026-02-12 22:14:03,323] INFO django.server "GET /admin/auth/user/ HTTP/1.1" 200 11394
[2026-02-12 22:14:03,372] INFO django.server "GET /admin/jsi18n/ HTTP/1.1" 200 8560
[2026-02-12 22:14:08,472] INFO django.server "GET /admin/ HTTP/1.1" 200 6224
[2026-02-12 22:14:09,600] INFO django.server "GET /admin/auth/user/ HTTP/1.1" 200 11394
[2026-02-12 22:14:09,651] INFO django.server "GET /admin/jsi18n/ HTTP/1.1" 200 8560
[2026-02-12 22:14:11,606] INFO django.server "GET /admin/auth/user/1/change/ HTTP/1.1" 200 21661
[2026-02-12 22:14:11,658] INFO django.server "GET /admin/jsi18n/ HTTP/1.1" 200 8560
[2026-02-12 22:14:42,113] INFO django.server "OPTIONS /api/login/ HTTP/1.1" 200 0
[2026-02-12 22:14:42,434] WARNING django.request Unauthorized: /api/login/
[2026-02-12 22:14:42,435] WARNING django.server "POST /api/login/ HTTP/1.1" 401 36
[2026-02-12 22:15:00,002] INFO django.server "GET /admin/auth/user/ HTTP/1.1" 200 11394
[2026-02-12 22:15:00,060] INFO django.server "GET /admin/jsi18n/ HTTP/1.1" 200 8560
[2026-02-12 22:15:11,164] WARNING django.request Unauthorized: /api/login/
[2026-02-12 22:15:11,164] WARNING django.server "POST /api/login/ HTTP/1.1" 401 36
[2026-02-12 22:15:30,070] WARNING django.request Unauthorized: /api/login/
[2026-02-12 22:15:30,070] WARNING django.server "POST /api/login/ HTTP/1.1" 401 36
[2026-02-12 22:16:13,041] INFO django.server "OPTIONS /api/register/ HTTP/1.1" 200 0
[2026-02-12 22:16:13,472] INFO api 用户注册: demo
[2026-02-12 22:16:13,473] INFO django.server "POST /api/register/ HTTP/1.1" 201 82
[2026-02-12 22:16:13,482] INFO django.server "GET /api/me/ HTTP/1.1" 200 120
[2026-02-12 22:16:13,489] INFO django.server "GET /api/me/ HTTP/1.1" 200 120
[2026-02-12 22:16:13,498] INFO django.server "GET /api/me/ HTTP/1.1" 200 120
[2026-02-12 22:16:14,882] INFO django.server "GET /api/me/ HTTP/1.1" 200 120
[2026-02-12 22:16:14,893] INFO django.server "GET /api/my-logs/ HTTP/1.1" 200 52
[2026-02-12 22:16:33,781] INFO django.server "OPTIONS /api/enroll/ HTTP/1.1" 200 0
[2026-02-12 22:16:33,998] INFO api 声纹注册成功: demo, 3 条音频
[2026-02-12 22:16:34,000] INFO django.server "POST /api/enroll/ HTTP/1.1" 200 49
[2026-02-12 22:16:55,117] ERROR api 声纹注册失败: demo, 采样率不是 16000 Hz: D:\traepg\gp\voice_access_control\data\enroll\demo\1770905814955_record-1770905803266.wav
[2026-02-12 22:16:55,119] ERROR django.request Internal Server Error: /api/enroll/
[2026-02-12 22:16:55,120] ERROR django.server "POST /api/enroll/ HTTP/1.1" 500 134
[2026-02-12 22:17:07,842] INFO api 声纹注册成功: demo, 3 条音频
[2026-02-12 22:17:07,843] INFO django.server "POST /api/enroll/ HTTP/1.1" 200 49
[2026-02-12 22:17:23,286] ERROR api 验证异常: 采样率不是 16000Hz (实际 48000Hz): D:\traepg\gp\voice_access_control\data\verify_uploads\1770905843271_verify-1770905841799.wav，请先预处理
[2026-02-12 22:17:23,288] ERROR django.request Internal Server Error: /api/verify/
[2026-02-12 22:17:23,288] ERROR django.server "POST /api/verify/ HTTP/1.1" 500 170
[2026-02-12 22:17:40,152] INFO api 声纹验证: admin score=0.9745 => ACCEPT
[2026-02-12 22:17:40,154] INFO django.server "POST /api/verify/ HTTP/1.1" 200 88
[2026-02-12 22:17:42,403] INFO django.server "GET /api/me/ HTTP/1.1" 200 119
[2026-02-12 22:17:42,416] INFO django.server "GET /api/my-logs/ HTTP/1.1" 200 340
[2026-02-12 22:17:55,059] INFO api 用户登录: admin
[2026-02-12 22:17:55,060] INFO django.server "POST /api/login/ HTTP/1.1" 200 99
[2026-02-12 22:17:55,070] INFO django.server "GET /api/me/ HTTP/1.1" 200 119
[2026-02-12 22:17:56,289] INFO django.server "GET /api/enroll-logs/ HTTP/1.1" 200 1178
[2026-02-12 22:17:56,298] INFO django.server "GET /api/logs/?result=&user= HTTP/1.1" 200 1544
[2026-02-12 22:17:56,299] INFO django.server "GET /api/users/ HTTP/1.1" 200 432
[2026-02-12 22:17:56,302] INFO django.server "GET /api/stats/ HTTP/1.1" 200 141
[2026-02-12 22:17:56,309] INFO django.server "GET /api/roc/ HTTP/1.1" 200 47383
[2026-02-12 22:18:20,225] INFO django.server "GET /api/enroll-logs/ HTTP/1.1" 200 1178
[2026-02-12 22:18:20,227] INFO django.server "GET /api/stats/ HTTP/1.1" 200 141
[2026-02-12 22:18:20,229] INFO django.server "GET /api/users/ HTTP/1.1" 200 432
[2026-02-12 22:18:20,231] INFO django.server "GET /api/logs/?result=&user= HTTP/1.1" 200 1544
[2026-02-12 22:18:20,240] INFO django.server "GET /api/roc/ HTTP/1.1" 200 47383
[2026-02-12 22:18:30,553] INFO django.server "GET /api/me/ HTTP/1.1" 200 119
[2026-02-12 22:18:30,566] INFO django.server "GET /api/my-logs/ HTTP/1.1" 200 340
[2026-02-12 22:18:32,900] INFO django.server "GET /api/enroll-logs/ HTTP/1.1" 200 1178
[2026-02-12 22:18:32,905] INFO django.server "GET /api/users/ HTTP/1.1" 200 432
[2026-02-12 22:18:32,905] INFO django.server "GET /api/stats/ HTTP/1.1" 200 141
[2026-02-12 22:18:32,908] INFO django.server "GET /api/logs/?result=&user= HTTP/1.1" 200 1544
[2026-02-12 22:18:32,916] INFO django.server "GET /api/roc/ HTTP/1.1" 200 47383
[2026-02-12 22:18:38,814] INFO django.server "GET /api/me/ HTTP/1.1" 200 119
[2026-02-12 22:18:38,824] INFO django.server "GET /api/my-logs/ HTTP/1.1" 200 340
[2026-02-12 22:18:40,685] INFO django.server "GET /api/enroll-logs/ HTTP/1.1" 200 1178
[2026-02-12 22:18:40,691] INFO django.server "GET /api/users/ HTTP/1.1" 200 432
[2026-02-12 22:18:40,695] INFO django.server "GET /api/stats/ HTTP/1.1" 200 141
[2026-02-12 22:18:40,695] INFO django.server "GET /api/logs/?result=&user= HTTP/1.1" 200 1544
[2026-02-12 22:18:40,704] INFO django.server "GET /api/roc/ HTTP/1.1" 200 47383
[2026-02-12 22:18:43,941] INFO django.server "GET /api/me/ HTTP/1.1" 200 119
[2026-02-12 22:18:43,954] INFO django.server "GET /api/my-logs/ HTTP/1.1" 200 340
[2026-02-12 22:18:45,617] INFO django.server "GET /api/enroll-logs/ HTTP/1.1" 200 1178
[2026-02-12 22:18:45,624] INFO django.server "GET /api/users/ HTTP/1.1" 200 432
[2026-02-12 22:18:45,626] INFO django.server "GET /api/stats/ HTTP/1.1" 200 141
[2026-02-12 22:18:45,626] INFO django.server "GET /api/logs/?result=&user= HTTP/1.1" 200 1544
[2026-02-12 22:18:45,636] INFO django.server "GET /api/roc/ HTTP/1.1" 200 47383
[2026-02-12 22:19:44,326] ERROR api 声纹注册失败: admin, 采样率不是 16000 Hz: D:\traepg\gp\voice_access_control\data\enroll\admin\1770905984243_record-1770905983661.wav
[2026-02-12 22:19:44,327] ERROR django.request Internal Server Error: /api/enroll/
[2026-02-12 22:19:44,328] ERROR django.server "POST /api/enroll/ HTTP/1.1" 500 135
[2026-02-12 22:20:33,552] INFO django.server "GET /api/me/ HTTP/1.1" 200 119
[2026-02-12 22:20:33,562] INFO django.server "GET /api/my-logs/ HTTP/1.1" 200 340
[2026-02-12 22:20:34,206] INFO django.server "GET /api/logs/?result=&user= HTTP/1.1" 200 1544
[2026-02-12 22:20:34,213] INFO django.server "GET /api/enroll-logs/ HTTP/1.1" 200 1445
[2026-02-12 22:20:34,214] INFO django.server "GET /api/users/ HTTP/1.1" 200 432
[2026-02-12 22:20:34,217] INFO django.server "GET /api/stats/ HTTP/1.1" 200 141
[2026-02-12 22:20:34,224] INFO django.server "GET /api/roc/ HTTP/1.1" 200 47383
[2026-02-12 22:30:16,075] INFO django.server "GET /api/enroll-logs/ HTTP/1.1" 200 1445
[2026-02-12 22:30:16,085] INFO django.server "GET /api/logs/?result=&user= HTTP/1.1" 200 1544
[2026-02-12 22:30:16,087] INFO django.server "GET /api/stats/ HTTP/1.1" 200 141
[2026-02-12 22:30:16,087] INFO django.server "GET /api/users/ HTTP/1.1" 200 432
[2026-02-12 22:30:16,107] INFO django.server "GET /api/roc/ HTTP/1.1" 200 47383
[2026-02-12 22:39:15,122] INFO django.server "GET /api/me/ HTTP/1.1" 200 119
[2026-02-12 22:39:15,194] INFO django.server "OPTIONS /api/enroll-logs/ HTTP/1.1" 200 0
[2026-02-12 22:39:15,214] INFO django.server "GET /api/logs/?result=&user= HTTP/1.1" 200 1544
[2026-02-12 22:39:15,217] INFO django.server "GET /api/users/ HTTP/1.1" 200 432
[2026-02-12 22:39:15,218] INFO django.server "GET /api/stats/ HTTP/1.1" 200 141
[2026-02-12 22:39:15,224] INFO django.server "GET /api/enroll-logs/ HTTP/1.1" 200 1445
[2026-02-12 22:39:15,422] INFO django.server "GET /api/roc/ HTTP/1.1" 200 47383
[2026-02-12 22:39:18,941] INFO django.server "GET /api/enroll-logs/ HTTP/1.1" 200 1445
[2026-02-12 22:39:18,959] INFO django.server "GET /api/users/ HTTP/1.1" 200 432
[2026-02-12 22:39:18,959] INFO django.server "GET /api/stats/ HTTP/1.1" 200 141
[2026-02-12 22:39:18,962] INFO django.server "GET /api/logs/?result=&user= HTTP/1.1" 200 1544
[2026-02-12 22:39:18,974] INFO django.server "GET /api/roc/ HTTP/1.1" 200 47383
[2026-02-12 22:39:19,529] INFO django.server "GET /api/enroll-logs/ HTTP/1.1" 200 1445
[2026-02-12 22:39:19,541] INFO django.server "GET /api/stats/ HTTP/1.1" 200 141
[2026-02-12 22:39:19,542] INFO django.server "GET /api/users/ HTTP/1.1" 200 432
[2026-02-12 22:39:19,542] INFO django.server "GET /api/logs/?result=&user= HTTP/1.1" 200 1544
[2026-02-12 22:39:19,552] INFO django.server "GET /api/roc/ HTTP/1.1" 200 47383
[2026-02-12 22:39:21,023] INFO django.server "GET /api/me/ HTTP/1.1" 200 119
[2026-02-12 22:39:21,036] INFO django.server "GET /api/my-logs/ HTTP/1.1" 200 340
[2026-02-12 22:39:35,875] ERROR api 验证异常: 采样率不是 16000Hz (实际 48000Hz): D:\traepg\gp\voice_access_control\data\verify_uploads\1770907175851_verify-1770907172428.wav，请先预处理
[2026-02-12 22:39:35,876] ERROR django.request Internal Server Error: /api/verify/
[2026-02-12 22:39:35,877] ERROR django.server "POST /api/verify/ HTTP/1.1" 500 170
[2026-02-12 22:39:37,077] ERROR api 验证异常: 采样率不是 16000Hz (实际 48000Hz): D:\traepg\gp\voice_access_control\data\verify_uploads\1770907177064_verify-1770907172428.wav，请先预处理
[2026-02-12 22:39:37,078] ERROR django.request Internal Server Error: /api/verify/
[2026-02-12 22:39:37,079] ERROR django.server "POST /api/verify/ HTTP/1.1" 500 170
[2026-02-12 22:39:37,706] ERROR api 验证异常: 采样率不是 16000Hz (实际 48000Hz): D:\traepg\gp\voice_access_control\data\verify_uploads\1770907177696_verify-1770907172428.wav，请先预处理
[2026-02-12 22:39:37,708] ERROR django.request Internal Server Error: /api/verify/
[2026-02-12 22:39:37,709] ERROR django.server "POST /api/verify/ HTTP/1.1" 500 170
[2026-02-12 22:39:38,284] ERROR api 验证异常: 采样率不是 16000Hz (实际 48000Hz): D:\traepg\gp\voice_access_control\data\verify_uploads\1770907178271_verify-1770907172428.wav，请先预处理
[2026-02-12 22:39:38,284] ERROR django.request Internal Server Error: /api/verify/
[2026-02-12 22:39:38,285] ERROR django.server "POST /api/verify/ HTTP/1.1" 500 170
[2026-02-12 22:41:31,186] ERROR api 声纹注册失败: admin, 采样率不是 16000 Hz: D:\traepg\gp\voice_access_control\data\enroll\admin\1770907291084_record-1770907289028.wav
[2026-02-12 22:41:31,187] ERROR django.request Internal Server Error: /api/enroll/
[2026-02-12 22:41:31,188] ERROR django.server "POST /api/enroll/ HTTP/1.1" 500 135
[2026-02-12 22:41:37,033] INFO django.server "GET /api/enroll-logs/ HTTP/1.1" 200 1713
[2026-02-12 22:41:37,042] INFO django.server "GET /api/users/ HTTP/1.1" 200 432
[2026-02-12 22:41:37,044] INFO django.server "GET /api/stats/ HTTP/1.1" 200 141
[2026-02-12 22:41:37,047] INFO django.server "GET /api/logs/?result=&user= HTTP/1.1" 200 1544
[2026-02-12 22:41:37,066] INFO django.server "GET /api/roc/ HTTP/1.1" 200 47383
[2026-02-12 22:41:50,435] INFO django.server "GET /api/enroll-logs/ HTTP/1.1" 200 1713
[2026-02-12 22:41:50,437] INFO django.server "GET /api/logs/?result=&user= HTTP/1.1" 200 1544
[2026-02-12 22:41:50,438] INFO django.server "GET /api/users/ HTTP/1.1" 200 432
[2026-02-12 22:41:50,441] INFO django.server "GET /api/stats/ HTTP/1.1" 200 141
[2026-02-12 22:41:50,452] INFO django.server "GET /api/roc/ HTTP/1.1" 200 47383
[2026-02-12 22:45:21,897] INFO django.server "GET /api/enroll-logs/ HTTP/1.1" 200 1713
[2026-02-12 22:45:21,904] INFO django.server "GET /api/stats/ HTTP/1.1" 200 141
[2026-02-12 22:45:21,906] INFO django.server "GET /api/users/ HTTP/1.1" 200 432
[2026-02-12 22:45:21,906] INFO django.server "GET /api/logs/?result=&user= HTTP/1.1" 200 1544
[2026-02-12 22:45:21,917] INFO django.server "GET /api/roc/ HTTP/1.1" 200 47383
[2026-02-12 22:56:01,017] INFO django.server "GET /api/enroll-logs/ HTTP/1.1" 200 1713
[2026-02-12 22:56:01,024] INFO django.server "GET /api/me/ HTTP/1.1" 200 119
[2026-02-12 22:56:01,030] INFO django.server "GET /api/logs/?result=&user= HTTP/1.1" 200 1544
[2026-02-12 22:56:01,030] INFO django.server "GET /api/users/ HTTP/1.1" 200 432
[2026-02-12 22:56:01,032] INFO django.server "GET /api/stats/ HTTP/1.1" 200 141
[2026-02-12 22:56:01,052] INFO django.server "GET /api/enroll-logs/ HTTP/1.1" 200 1713
[2026-02-12 22:56:01,065] INFO django.server "GET /api/stats/ HTTP/1.1" 200 141
[2026-02-12 22:56:01,065] INFO django.server "GET /api/roc/ HTTP/1.1" 200 47383
[2026-02-12 22:56:01,069] INFO django.server "GET /api/users/ HTTP/1.1" 200 432
[2026-02-12 22:56:01,070] INFO django.server "GET /api/logs/?result=&user= HTTP/1.1" 200 1544
[2026-02-12 22:56:01,080] INFO django.server "GET /api/roc/ HTTP/1.1" 200 47383
[2026-02-12 22:58:44,814] INFO django.server "OPTIONS /api/voice-templates/ HTTP/1.1" 200 0
[2026-02-12 22:58:44,843] INFO django.server "GET /api/enroll-logs/ HTTP/1.1" 200 1713
[2026-02-12 22:58:44,845] INFO django.server "GET /api/users/ HTTP/1.1" 200 432
[2026-02-12 22:58:44,848] INFO django.server "GET /api/stats/ HTTP/1.1" 200 141
[2026-02-12 22:58:44,853] INFO django.server "GET /api/logs/?result=&user= HTTP/1.1" 200 1544
[2026-02-12 22:58:44,859] WARNING django.request Not Found: /api/voice-templates/
[2026-02-12 22:58:44,859] WARNING django.server "GET /api/voice-templates/ HTTP/1.1" 404 4259
[2026-02-12 22:58:44,889] INFO django.server "GET /api/roc/ HTTP/1.1" 200 47383
[2026-02-12 23:05:51,068] INFO django.server "OPTIONS /api/me/ HTTP/1.1" 200 0
[2026-02-12 23:05:51,086] INFO django.server "GET /api/me/ HTTP/1.1" 200 119
[2026-02-12 23:05:51,140] INFO django.server "OPTIONS /api/users/ HTTP/1.1" 200 0
[2026-02-12 23:05:51,140] INFO django.server "OPTIONS /api/stats/ HTTP/1.1" 200 0
[2026-02-12 23:05:51,159] INFO django.server "GET /api/logs/?result=&user= HTTP/1.1" 200 1544
[2026-02-12 23:05:51,161] INFO django.server "GET /api/enroll-logs/ HTTP/1.1" 200 1713
[2026-02-12 23:05:51,170] INFO django.server "GET /api/users/ HTTP/1.1" 200 432
[2026-02-12 23:05:51,171] INFO django.server "GET /api/stats/ HTTP/1.1" 200 141
[2026-02-12 23:05:51,175] WARNING django.request Not Found: /api/voice-templates/
[2026-02-12 23:05:51,175] WARNING django.server "GET /api/voice-templates/ HTTP/1.1" 404 4259
[2026-02-12 23:05:51,331] INFO django.server "GET /api/roc/ HTTP/1.1" 200 47383
[2026-02-12 23:05:54,689] INFO django.server "GET /api/me/ HTTP/1.1" 200 119
[2026-02-12 23:05:54,741] INFO django.server "GET /api/users/ HTTP/1.1" 200 432
[2026-02-12 23:05:54,742] INFO django.server "GET /api/enroll-logs/ HTTP/1.1" 200 1713
[2026-02-12 23:05:54,744] INFO django.server "GET /api/stats/ HTTP/1.1" 200 141
[2026-02-12 23:05:54,745] INFO django.server "GET /api/logs/?result=&user= HTTP/1.1" 200 1544
[2026-02-12 23:05:54,749] WARNING django.request Not Found: /api/voice-templates/
[2026-02-12 23:05:54,750] WARNING django.server "GET /api/voice-templates/ HTTP/1.1" 404 4259
[2026-02-12 23:05:54,803] INFO django.server "GET /api/roc/ HTTP/1.1" 200 47383
[2026-02-12 23:05:56,754] INFO django.server "GET /api/me/ HTTP/1.1" 200 119
[2026-02-12 23:05:56,803] INFO django.server "GET /api/users/ HTTP/1.1" 200 432
[2026-02-12 23:05:56,809] INFO django.server "GET /api/enroll-logs/ HTTP/1.1" 200 1713
[2026-02-12 23:05:56,811] INFO django.server "GET /api/stats/ HTTP/1.1" 200 141
[2026-02-12 23:05:56,811] INFO django.server "GET /api/logs/?result=&user= HTTP/1.1" 200 1544
[2026-02-12 23:05:56,816] WARNING django.request Not Found: /api/voice-templates/
[2026-02-12 23:05:56,816] WARNING django.server "GET /api/voice-templates/ HTTP/1.1" 404 4259
[2026-02-12 23:05:56,866] INFO django.server "GET /api/roc/ HTTP/1.1" 200 47383
[2026-02-12 23:06:24,264] ERROR api 声纹注册失败: admin, 采样率不是 16000 Hz: D:\traepg\gp\voice_access_control\data\enroll\admin\1770908784179_record-1770908770976.wav
[2026-02-12 23:06:24,265] ERROR django.request Internal Server Error: /api/enroll/
[2026-02-12 23:06:24,265] ERROR django.server "POST /api/enroll/ HTTP/1.1" 500 135
[2026-02-12 23:06:28,763] ERROR api 声纹注册失败: admin, 采样率不是 16000 Hz: D:\traepg\gp\voice_access_control\data\enroll\admin\1770908788690_record-1770908770976.wav
[2026-02-12 23:06:28,764] ERROR django.request Internal Server Error: /api/enroll/
[2026-02-12 23:06:28,765] ERROR django.server "POST /api/enroll/ HTTP/1.1" 500 135
[2026-02-12 23:06:31,300] ERROR api 声纹注册失败: admin, 采样率不是 16000 Hz: D:\traepg\gp\voice_access_control\data\enroll\admin\1770908791231_record-1770908770976.wav
[2026-02-12 23:06:31,301] ERROR django.request Internal Server Error: /api/enroll/
[2026-02-12 23:06:31,301] ERROR django.server "POST /api/enroll/ HTTP/1.1" 500 135
[2026-02-12 23:07:00,262] INFO django.server "GET /api/enroll-logs/ HTTP/1.1" 200 2518
[2026-02-12 23:07:00,265] INFO django.server "GET /api/stats/ HTTP/1.1" 200 141
[2026-02-12 23:07:00,269] INFO django.server "GET /api/users/ HTTP/1.1" 200 432
[2026-02-12 23:07:00,269] INFO django.server "GET /api/logs/?result=&user= HTTP/1.1" 200 1544
[2026-02-12 23:07:00,272] WARNING django.request Not Found: /api/voice-templates/
[2026-02-12 23:07:00,273] WARNING django.server "GET /api/voice-templates/ HTTP/1.1" 404 4259
[2026-02-12 23:07:00,283] INFO django.server "GET /api/roc/ HTTP/1.1" 200 47383
[2026-02-12 23:07:04,118] INFO django.server "GET /api/enroll-logs/ HTTP/1.1" 200 2518
[2026-02-12 23:07:04,123] INFO django.server "GET /api/users/ HTTP/1.1" 200 432
[2026-02-12 23:07:04,125] INFO django.server "GET /api/stats/ HTTP/1.1" 200 141
[2026-02-12 23:07:04,126] INFO django.server "GET /api/logs/?result=&user= HTTP/1.1" 200 1544
[2026-02-12 23:07:04,130] WARNING django.request Not Found: /api/voice-templates/
[2026-02-12 23:07:04,130] WARNING django.server "GET /api/voice-templates/ HTTP/1.1" 404 4259
[2026-02-12 23:07:04,140] INFO django.server "GET /api/roc/ HTTP/1.1" 200 47383
[2026-02-12 23:13:32,736] INFO django.server "GET /api/me/ HTTP/1.1" 200 119
[2026-02-12 23:13:32,791] INFO django.server "GET /api/enroll-logs/ HTTP/1.1" 200 2518
[2026-02-12 23:13:32,793] INFO django.server "GET /api/stats/ HTTP/1.1" 200 141
[2026-02-12 23:13:32,796] INFO django.server "GET /api/logs/?result=&user= HTTP/1.1" 200 1544
[2026-02-12 23:13:32,798] INFO django.server "GET /api/users/ HTTP/1.1" 200 432
[2026-02-12 23:13:32,802] WARNING django.request Not Found: /api/voice-templates/
[2026-02-12 23:13:32,802] WARNING django.server "GET /api/voice-templates/ HTTP/1.1" 404 4259
[2026-02-12 23:13:32,949] INFO django.server "OPTIONS /api/roc/ HTTP/1.1" 200 0
[2026-02-12 23:13:32,956] INFO django.server "GET /api/roc/ HTTP/1.1" 200 47383
[2026-02-12 23:13:48,151] INFO django.server "GET /api/me/ HTTP/1.1" 200 119
[2026-02-12 23:13:48,157] INFO django.server "OPTIONS /api/my-logs/ HTTP/1.1" 200 0
[2026-02-12 23:13:48,167] INFO django.server "GET /api/my-logs/ HTTP/1.1" 200 340
[2026-02-12 23:13:55,221] ERROR api 声纹注册失败: admin, 采样率不是 16000 Hz: D:\traepg\gp\voice_access_control\data\enroll\admin\1770909235140_record-1770909234347.wav
[2026-02-12 23:13:55,222] ERROR django.request Internal Server Error: /api/enroll/
[2026-02-12 23:13:55,223] ERROR django.server "POST /api/enroll/ HTTP/1.1" 500 135
[2026-02-12 23:13:58,033] INFO django.server "GET /api/me/ HTTP/1.1" 200 119
